[0m[[0m[0mdebug[0m] [0m[0m> Exec(run, Some(f0e2c57f-6da0-4b54-9809-c464c974fee8), Some(CommandSource(console0)))[0m
[0m[[0m[0mdebug[0m] [0m[0mEvaluating tasks: Compile / run[0m
[0m[[0m[0mdebug[0m] [0m[0mRunning task... Cancel: Signal, check cycles: false, forcegc: true[0m
[0m[[0m[0minfo[0m] [0m[0mUpdating nba_2.12[0m
[0m[[0m[0minfo[0m] [0m[0mResolved nba_2.12 dependencies[0m
[0m[[0m[0minfo[0m] [0m[0mFetching artifacts of nba_2.12[0m
[0m[[0m[0minfo[0m] [0m[0mFetched artifacts of nba_2.12[0m
[0m[[0m[0minfo[0m] [0m[0mcompiling 2 Scala sources to /home/administrateur/Documents/datascientest/Scala/exam_RAOULT/target/scala-2.12/classes ...[0m
[0m[[0m[31merror[0m] [0m[0m/home/administrateur/Documents/datascientest/Scala/exam_RAOULT/src/main/scala/Transform.scala:1:12: object apache is not a member of package org[0m
[0m[[0m[31merror[0m] [0m[0mimport org.apache.spark.sql.SparkSession[0m
[0m[[0m[31merror[0m] [0m[0m           ^[0m
[0m[[0m[31merror[0m] [0m[0m/home/administrateur/Documents/datascientest/Scala/exam_RAOULT/src/main/scala/Transform.scala:2:12: object apache is not a member of package org[0m
[0m[[0m[31merror[0m] [0m[0mimport org.apache.spark.sql.DataFrame[0m
[0m[[0m[31merror[0m] [0m[0m           ^[0m
[0m[[0m[31merror[0m] [0m[0m/home/administrateur/Documents/datascientest/Scala/exam_RAOULT/src/main/scala/Transform.scala:3:12: object apache is not a member of package org[0m
[0m[[0m[31merror[0m] [0m[0mimport org.apache.spark.sql.types.{IntegerType,StringType,StructType,StructField}[0m
[0m[[0m[31merror[0m] [0m[0m           ^[0m
[0m[[0m[31merror[0m] [0m[0m/home/administrateur/Documents/datascientest/Scala/exam_RAOULT/src/main/scala/Transform.scala:4:12: object apache is not a member of package org[0m
[0m[[0m[31merror[0m] [0m[0mimport org.apache.spark.sql.functions.col[0m
[0m[[0m[31merror[0m] [0m[0m           ^[0m
[0m[[0m[31merror[0m] [0m[0m/home/administrateur/Documents/datascientest/Scala/exam_RAOULT/src/main/scala/Transform.scala:12:13: not found: value SparkSession[0m
[0m[[0m[31merror[0m] [0m[0mval spark = SparkSession.builder()[0m
[0m[[0m[31merror[0m] [0m[0m            ^[0m
[0m[[0m[31merror[0m] [0m[0m/home/administrateur/Documents/datascientest/Scala/exam_RAOULT/src/main/scala/Transform.scala:17:20: not found: value StructType[0m
[0m[[0m[31merror[0m] [0m[0mval schema_games = StructType(Array([0m
[0m[[0m[31merror[0m] [0m[0m                   ^[0m
[0m[[0m[31merror[0m] [0m[0m/home/administrateur/Documents/datascientest/Scala/exam_RAOULT/src/main/scala/Transform.scala:18:5: not found: value StructField[0m
[0m[[0m[31merror[0m] [0m[0m    StructField("id",IntegerType,true),[0m
[0m[[0m[31merror[0m] [0m[0m    ^[0m
[0m[[0m[31merror[0m] [0m[0m/home/administrateur/Documents/datascientest/Scala/exam_RAOULT/src/main/scala/Transform.scala:18:22: not found: value IntegerType[0m
[0m[[0m[31merror[0m] [0m[0m    StructField("id",IntegerType,true),[0m
[0m[[0m[31merror[0m] [0m[0m                     ^[0m
[0m[[0m[31merror[0m] [0m[0m/home/administrateur/Documents/datascientest/Scala/exam_RAOULT/src/main/scala/Transform.scala:19:5: not found: value StructField[0m
[0m[[0m[31merror[0m] [0m[0m    StructField("home_team",StructType(Array([0m
[0m[[0m[31merror[0m] [0m[0m    ^[0m
[0m[[0m[31merror[0m] [0m[0m/home/administrateur/Documents/datascientest/Scala/exam_RAOULT/src/main/scala/Transform.scala:19:29: not found: value StructType[0m
[0m[[0m[31merror[0m] [0m[0m    StructField("home_team",StructType(Array([0m
[0m[[0m[31merror[0m] [0m[0m                            ^[0m
[0m[[0m[31merror[0m] [0m[0m/home/administrateur/Documents/datascientest/Scala/exam_RAOULT/src/main/scala/Transform.scala:20:7: not found: value StructField[0m
[0m[[0m[31merror[0m] [0m[0m      StructField("id",StringType,true),[0m
[0m[[0m[31merror[0m] [0m[0m      ^[0m
[0m[[0m[31merror[0m] [0m[0m/home/administrateur/Documents/datascientest/Scala/exam_RAOULT/src/main/scala/Transform.scala:20:24: not found: value StringType[0m
[0m[[0m[31merror[0m] [0m[0m      StructField("id",StringType,true),[0m
[0m[[0m[31merror[0m] [0m[0m                       ^[0m
[0m[[0m[31merror[0m] [0m[0m/home/administrateur/Documents/datascientest/Scala/exam_RAOULT/src/main/scala/Transform.scala:21:7: not found: value StructField[0m
[0m[[0m[31merror[0m] [0m[0m      StructField("full_name",StringType,true)))),[0m
[0m[[0m[31merror[0m] [0m[0m      ^[0m
[0m[[0m[31merror[0m] [0m[0m/home/administrateur/Documents/datascientest/Scala/exam_RAOULT/src/main/scala/Transform.scala:21:31: not found: value StringType[0m
[0m[[0m[31merror[0m] [0m[0m      StructField("full_name",StringType,true)))),[0m
[0m[[0m[31merror[0m] [0m[0m                              ^[0m
[0m[[0m[31merror[0m] [0m[0m/home/administrateur/Documents/datascientest/Scala/exam_RAOULT/src/main/scala/Transform.scala:22:5: not found: value StructField[0m
[0m[[0m[31merror[0m] [0m[0m    StructField("home_team_score", StringType, true),[0m
[0m[[0m[31merror[0m] [0m[0m    ^[0m
[0m[[0m[31merror[0m] [0m[0m/home/administrateur/Documents/datascientest/Scala/exam_RAOULT/src/main/scala/Transform.scala:22:36: not found: value StringType[0m
[0m[[0m[31merror[0m] [0m[0m    StructField("home_team_score", StringType, true),[0m
[0m[[0m[31merror[0m] [0m[0m                                   ^[0m
[0m[[0m[31merror[0m] [0m[0m/home/administrateur/Documents/datascientest/Scala/exam_RAOULT/src/main/scala/Transform.scala:23:5: not found: value StructField[0m
[0m[[0m[31merror[0m] [0m[0m    StructField("visitor_team",StructType(Array([0m
[0m[[0m[31merror[0m] [0m[0m    ^[0m
[0m[[0m[31merror[0m] [0m[0m/home/administrateur/Documents/datascientest/Scala/exam_RAOULT/src/main/scala/Transform.scala:23:32: not found: value StructType[0m
[0m[[0m[31merror[0m] [0m[0m    StructField("visitor_team",StructType(Array([0m
[0m[[0m[31merror[0m] [0m[0m                               ^[0m
[0m[[0m[31merror[0m] [0m[0m/home/administrateur/Documents/datascientest/Scala/exam_RAOULT/src/main/scala/Transform.scala:24:7: not found: value StructField[0m
[0m[[0m[31merror[0m] [0m[0m      StructField("id",StringType,true),[0m
[0m[[0m[31merror[0m] [0m[0m      ^[0m
[0m[[0m[31merror[0m] [0m[0m/home/administrateur/Documents/datascientest/Scala/exam_RAOULT/src/main/scala/Transform.scala:24:24: not found: value StringType[0m
[0m[[0m[31merror[0m] [0m[0m      StructField("id",StringType,true),[0m
[0m[[0m[31merror[0m] [0m[0m                       ^[0m
[0m[[0m[31merror[0m] [0m[0m/home/administrateur/Documents/datascientest/Scala/exam_RAOULT/src/main/scala/Transform.scala:25:7: not found: value StructField[0m
[0m[[0m[31merror[0m] [0m[0m      StructField("full_name",StringType,true)))),[0m
[0m[[0m[31merror[0m] [0m[0m      ^[0m
[0m[[0m[31merror[0m] [0m[0m/home/administrateur/Documents/datascientest/Scala/exam_RAOULT/src/main/scala/Transform.scala:25:31: not found: value StringType[0m
[0m[[0m[31merror[0m] [0m[0m      StructField("full_name",StringType,true)))),[0m
[0m[[0m[31merror[0m] [0m[0m                              ^[0m
[0m[[0m[31merror[0m] [0m[0m/home/administrateur/Documents/datascientest/Scala/exam_RAOULT/src/main/scala/Transform.scala:26:5: not found: value StructField[0m
[0m[[0m[31merror[0m] [0m[0m    StructField("visitor_team_score", StringType, true)[0m
[0m[[0m[31merror[0m] [0m[0m    ^[0m
[0m[[0m[31merror[0m] [0m[0m/home/administrateur/Documents/datascientest/Scala/exam_RAOULT/src/main/scala/Transform.scala:26:39: not found: value StringType[0m
[0m[[0m[31merror[0m] [0m[0m    StructField("visitor_team_score", StringType, true)[0m
[0m[[0m[31merror[0m] [0m[0m                                      ^[0m
[0m[[0m[31merror[0m] [0m[0m/home/administrateur/Documents/datascientest/Scala/exam_RAOULT/src/main/scala/Transform.scala:67:24: not found: value StructType[0m
[0m[[0m[31merror[0m] [0m[0m    val schema_stats = StructType(Array([0m
[0m[[0m[31merror[0m] [0m[0m                       ^[0m
[0m[[0m[31merror[0m] [0m[0m/home/administrateur/Documents/datascientest/Scala/exam_RAOULT/src/main/scala/Transform.scala:68:5: not found: value StructField[0m
[0m[[0m[31merror[0m] [0m[0m    StructField("id",IntegerType,true),[0m
[0m[[0m[31merror[0m] [0m[0m    ^[0m
[0m[[0m[31merror[0m] [0m[0m/home/administrateur/Documents/datascientest/Scala/exam_RAOULT/src/main/scala/Transform.scala:68:22: not found: value IntegerType[0m
[0m[[0m[31merror[0m] [0m[0m    StructField("id",IntegerType,true),[0m
[0m[[0m[31merror[0m] [0m[0m                     ^[0m
[0m[[0m[31merror[0m] [0m[0m/home/administrateur/Documents/datascientest/Scala/exam_RAOULT/src/main/scala/Transform.scala:69:5: not found: value StructField[0m
[0m[[0m[31merror[0m] [0m[0m    StructField("game",StructType(Array([0m
[0m[[0m[31merror[0m] [0m[0m    ^[0m
[0m[[0m[31merror[0m] [0m[0m/home/administrateur/Documents/datascientest/Scala/exam_RAOULT/src/main/scala/Transform.scala:69:24: not found: value StructType[0m
[0m[[0m[31merror[0m] [0m[0m    StructField("game",StructType(Array([0m
[0m[[0m[31merror[0m] [0m[0m                       ^[0m
[0m[[0m[31merror[0m] [0m[0m/home/administrateur/Documents/datascientest/Scala/exam_RAOULT/src/main/scala/Transform.scala:70:7: not found: value StructField[0m
[0m[[0m[31merror[0m] [0m[0m      StructField("id",IntegerType,true)))),[0m
[0m[[0m[31merror[0m] [0m[0m      ^[0m
[0m[[0m[31merror[0m] [0m[0m/home/administrateur/Documents/datascientest/Scala/exam_RAOULT/src/main/scala/Transform.scala:70:24: not found: value IntegerType[0m
[0m[[0m[31merror[0m] [0m[0m      StructField("id",IntegerType,true)))),[0m
[0m[[0m[31merror[0m] [0m[0m                       ^[0m
[0m[[0m[31merror[0m] [0m[0m/home/administrateur/Documents/datascientest/Scala/exam_RAOULT/src/main/scala/Transform.scala:71:5: not found: value StructField[0m
[0m[[0m[31merror[0m] [0m[0m    StructField("team",StructType(Array([0m
[0m[[0m[31merror[0m] [0m[0m    ^[0m
[0m[[0m[31merror[0m] [0m[0m/home/administrateur/Documents/datascientest/Scala/exam_RAOULT/src/main/scala/Transform.scala:71:24: not found: value StructType[0m
[0m[[0m[31merror[0m] [0m[0m    StructField("team",StructType(Array([0m
[0m[[0m[31merror[0m] [0m[0m                       ^[0m
[0m[[0m[31merror[0m] [0m[0m/home/administrateur/Documents/datascientest/Scala/exam_RAOULT/src/main/scala/Transform.scala:72:7: not found: value StructField[0m
[0m[[0m[31merror[0m] [0m[0m      StructField("id",IntegerType,true)))),[0m
[0m[[0m[31merror[0m] [0m[0m      ^[0m
[0m[[0m[31merror[0m] [0m[0m/home/administrateur/Documents/datascientest/Scala/exam_RAOULT/src/main/scala/Transform.scala:72:24: not found: value IntegerType[0m
[0m[[0m[31merror[0m] [0m[0m      StructField("id",IntegerType,true)))),[0m
[0m[[0m[31merror[0m] [0m[0m                       ^[0m
[0m[[0m[31merror[0m] [0m[0m/home/administrateur/Documents/datascientest/Scala/exam_RAOULT/src/main/scala/Transform.scala:73:5: not found: value StructField[0m
[0m[[0m[31merror[0m] [0m[0m    StructField("player",StructType(Array([0m
[0m[[0m[31merror[0m] [0m[0m    ^[0m
[0m[[0m[31merror[0m] [0m[0m/home/administrateur/Documents/datascientest/Scala/exam_RAOULT/src/main/scala/Transform.scala:73:26: not found: value StructType[0m
[0m[[0m[31merror[0m] [0m[0m    StructField("player",StructType(Array([0m
[0m[[0m[31merror[0m] [0m[0m                         ^[0m
[0m[[0m[31merror[0m] [0m[0m/home/administrateur/Documents/datascientest/Scala/exam_RAOULT/src/main/scala/Transform.scala:74:7: not found: value StructField[0m
[0m[[0m[31merror[0m] [0m[0m      StructField("id",IntegerType,true),[0m
[0m[[0m[31merror[0m] [0m[0m      ^[0m
[0m[[0m[31merror[0m] [0m[0m/home/administrateur/Documents/datascientest/Scala/exam_RAOULT/src/main/scala/Transform.scala:74:24: not found: value IntegerType[0m
[0m[[0m[31merror[0m] [0m[0m      StructField("id",IntegerType,true),[0m
[0m[[0m[31merror[0m] [0m[0m                       ^[0m
[0m[[0m[31merror[0m] [0m[0m/home/administrateur/Documents/datascientest/Scala/exam_RAOULT/src/main/scala/Transform.scala:75:7: not found: value StructField[0m
[0m[[0m[31merror[0m] [0m[0m      StructField("last_name",StringType,true),[0m
[0m[[0m[31merror[0m] [0m[0m      ^[0m
[0m[[0m[31merror[0m] [0m[0m/home/administrateur/Documents/datascientest/Scala/exam_RAOULT/src/main/scala/Transform.scala:75:31: not found: value StringType[0m
[0m[[0m[31merror[0m] [0m[0m      StructField("last_name",StringType,true),[0m
[0m[[0m[31merror[0m] [0m[0m                              ^[0m
[0m[[0m[31merror[0m] [0m[0m/home/administrateur/Documents/datascientest/Scala/exam_RAOULT/src/main/scala/Transform.scala:76:7: not found: value StructField[0m
[0m[[0m[31merror[0m] [0m[0m      StructField("first_name",StringType,true)))),[0m
[0m[[0m[31merror[0m] [0m[0m      ^[0m
[0m[[0m[31merror[0m] [0m[0m/home/administrateur/Documents/datascientest/Scala/exam_RAOULT/src/main/scala/Transform.scala:76:32: not found: value StringType[0m
[0m[[0m[31merror[0m] [0m[0m      StructField("first_name",StringType,true)))),[0m
[0m[[0m[31merror[0m] [0m[0m                               ^[0m
[0m[[0m[31merror[0m] [0m[0m/home/administrateur/Documents/datascientest/Scala/exam_RAOULT/src/main/scala/Transform.scala:77:5: not found: value StructField[0m
[0m[[0m[31merror[0m] [0m[0m    StructField("pts", IntegerType, true),[0m
[0m[[0m[31merror[0m] [0m[0m    ^[0m
[0m[[0m[31merror[0m] [0m[0m/home/administrateur/Documents/datascientest/Scala/exam_RAOULT/src/main/scala/Transform.scala:77:24: not found: value IntegerType[0m
[0m[[0m[31merror[0m] [0m[0m    StructField("pts", IntegerType, true),[0m
[0m[[0m[31merror[0m] [0m[0m                       ^[0m
[0m[[0m[31merror[0m] [0m[0m/home/administrateur/Documents/datascientest/Scala/exam_RAOULT/src/main/scala/Transform.scala:78:5: not found: value StructField[0m
[0m[[0m[31merror[0m] [0m[0m    StructField("reb", IntegerType, true),[0m
[0m[[0m[31merror[0m] [0m[0m    ^[0m
[0m[[0m[31merror[0m] [0m[0m/home/administrateur/Documents/datascientest/Scala/exam_RAOULT/src/main/scala/Transform.scala:78:24: not found: value IntegerType[0m
[0m[[0m[31merror[0m] [0m[0m    StructField("reb", IntegerType, true),[0m
[0m[[0m[31merror[0m] [0m[0m                       ^[0m
[0m[[0m[31merror[0m] [0m[0m/home/administrateur/Documents/datascientest/Scala/exam_RAOULT/src/main/scala/Transform.scala:79:5: not found: value StructField[0m
[0m[[0m[31merror[0m] [0m[0m    StructField("ast", IntegerType, true),[0m
[0m[[0m[31merror[0m] [0m[0m    ^[0m
[0m[[0m[31merror[0m] [0m[0m/home/administrateur/Documents/datascientest/Scala/exam_RAOULT/src/main/scala/Transform.scala:79:24: not found: value IntegerType[0m
[0m[[0m[31merror[0m] [0m[0m    StructField("ast", IntegerType, true),[0m
[0m[[0m[31merror[0m] [0m[0m                       ^[0m
[0m[[0m[31merror[0m] [0m[0m/home/administrateur/Documents/datascientest/Scala/exam_RAOULT/src/main/scala/Transform.scala:80:5: not found: value StructField[0m
[0m[[0m[31merror[0m] [0m[0m    StructField("blk", IntegerType, true)[0m
[0m[[0m[31merror[0m] [0m[0m    ^[0m
[0m[[0m[31merror[0m] [0m[0m/home/administrateur/Documents/datascientest/Scala/exam_RAOULT/src/main/scala/Transform.scala:80:24: not found: value IntegerType[0m
[0m[[0m[31merror[0m] [0m[0m    StructField("blk", IntegerType, true)[0m
[0m[[0m[31merror[0m] [0m[0m                       ^[0m
[0m[[0m[31merror[0m] [0m[0m51 errors found[0m
[0m[[0m[31merror[0m] [0m[0m(Compile / [31mcompileIncremental[0m) Compilation failed[0m
[0m[[0m[31merror[0m] [0m[0mTotal time: 9 s, completed Dec 1, 2024, 11:12:44 PM[0m
[0m[[0m[0mdebug[0m] [0m[0m> Exec(shell, None, None)[0m
[0m[[0m[0minfo[0m] [0m[0mshutting down sbt server[0m
